
/home/runner/work/exp-nyquist-plot-dei/exp-nyquist-plot-dei/experiment/simulation/js/main.js
    2:6   warning  'lab_imp' is assigned a value but never used    no-unused-vars
    3:6   warning  'dat_imp' is assigned a value but never used    no-unused-vars
    4:6   warning  'lab_step' is assigned a value but never used   no-unused-vars
    5:6   warning  'dat_step' is assigned a value but never used   no-unused-vars
   14:5   warning  'stepeqn' is defined but never used             no-unused-vars
   14:13  warning  'impuleqn' is defined but never used            no-unused-vars
   17:5   warning  'kpi' is defined but never used                 no-unused-vars
   17:9   warning  'essi' is defined but never used                no-unused-vars
   17:14  warning  'esss' is defined but never used                no-unused-vars
   17:19  warning  'kp' is defined but never used                  no-unused-vars
   21:11  warning  'addval' is defined but never used              no-unused-vars
   22:6   warning  'lab' is not defined                            no-undef
   23:6   warning  'dat' is not defined                            no-undef
   25:10  warning  'nums' is defined but never used                no-unused-vars
   34:10  warning  'ni' is assigned a value but never used         no-unused-vars
   37:6   warning  'c' is not defined                              no-undef
   38:6   warning  'd' is not defined                              no-undef
   39:6   warning  'p' is not defined                              no-undef
   40:6   warning  'q' is not defined                              no-undef
   41:6   warning  'r' is not defined                              no-undef
   44:14  warning  'c' is not defined                              no-undef
   44:16  warning  'd' is not defined                              no-undef
   44:18  warning  'p' is not defined                              no-undef
   44:20  warning  'q' is not defined                              no-undef
   44:22  warning  'r' is not defined                              no-undef
   72:17  warning  'p' is not defined                              no-undef
   72:25  warning  'c' is not defined                              no-undef
   72:33  warning  'd' is not defined                              no-undef
   74:18  warning  'p' is not defined                              no-undef
   74:26  warning  'c' is not defined                              no-undef
   74:32  warning  'p' is not defined                              no-undef
   74:38  warning  'q' is not defined                              no-undef
   79:9   warning  'd' is not defined                              no-undef
   79:18  warning  'q' is not defined                              no-undef
   79:26  warning  'p' is not defined                              no-undef
   82:17  warning  'c' is not defined                              no-undef
   82:25  warning  'd' is not defined                              no-undef
   85:9   warning  'p' is not defined                              no-undef
   85:17  warning  'q' is not defined                              no-undef
   85:25  warning  'r' is not defined                              no-undef
   99:13  warning  'p' is not defined                              no-undef
  100:18  warning  'p' is not defined                              no-undef
  101:11  warning  'dend' is not defined                           no-undef
  101:29  warning  'p' is not defined                              no-undef
  101:31  warning  'q' is not defined                              no-undef
  101:33  warning  'r' is not defined                              no-undef
  102:14  warning  'dend' is not defined                           no-undef
  104:22  warning  'q' is not defined                              no-undef
  104:34  warning  'dend' is not defined                           no-undef
  104:43  warning  'p' is not defined                              no-undef
  108:22  warning  'q' is not defined                              no-undef
  108:34  warning  'dend' is not defined                           no-undef
  108:43  warning  'p' is not defined                              no-undef
  113:19  warning  'dend' is not defined                           no-undef
  115:22  warning  'q' is not defined                              no-undef
  115:34  warning  'dend' is not defined                           no-undef
  115:43  warning  'p' is not defined                              no-undef
  123:22  warning  'q' is not defined                              no-undef
  123:27  warning  'p' is not defined                              no-undef
  126:32  warning  'dend' is not defined                           no-undef
  126:40  warning  'p' is not defined                              no-undef
  135:16  warning  'q' is not defined                              no-undef
  136:20  warning  'q' is not defined                              no-undef
  137:29  warning  'r' is not defined                              no-undef
  137:31  warning  'q' is not defined                              no-undef
  141:20  warning  'r' is not defined                              no-undef
  153:11  warning  'p2' is not defined                             no-undef
  153:16  warning  'p' is not defined                              no-undef
  154:11  warning  'q2' is not defined                             no-undef
  154:16  warning  'c' is not defined                              no-undef
  154:18  warning  'q' is not defined                              no-undef
  155:11  warning  'r2' is not defined                             no-undef
  155:16  warning  'd' is not defined                              no-undef
  155:18  warning  'r' is not defined                              no-undef
  157:14  warning  'p2' is not defined                             no-undef
  158:18  warning  'p2' is not defined                             no-undef
  159:11  warning  'dend' is not defined                           no-undef
  159:29  warning  'p2' is not defined                             no-undef
  159:32  warning  'q2' is not defined                             no-undef
  159:35  warning  'r2' is not defined                             no-undef
  160:14  warning  'dend' is not defined                           no-undef
  162:22  warning  'q2' is not defined                             no-undef
  162:35  warning  'dend' is not defined                           no-undef
  162:44  warning  'p2' is not defined                             no-undef
  166:22  warning  'q2' is not defined                             no-undef
  166:35  warning  'dend' is not defined                           no-undef
  166:44  warning  'p2' is not defined                             no-undef
  171:19  warning  'dend' is not defined                           no-undef
  173:22  warning  'q2' is not defined                             no-undef
  173:35  warning  'dend' is not defined                           no-undef
  173:44  warning  'p2' is not defined                             no-undef
  182:22  warning  'q2' is not defined                             no-undef
  182:28  warning  'p2' is not defined                             no-undef
  185:32  warning  'dend' is not defined                           no-undef
  185:40  warning  'p2' is not defined                             no-undef
  194:16  warning  'q2' is not defined                             no-undef
  195:20  warning  'q2' is not defined                             no-undef
  196:29  warning  'r2' is not defined                             no-undef
  196:32  warning  'q2' is not defined                             no-undef
  200:15  warning  'dens' is assigned a value but never used       no-unused-vars
  200:20  warning  'r2' is not defined                             no-undef
  216:4   warning  'c' is not defined                              no-undef
  218:8   warning  'c' is not defined                              no-undef
  219:35  warning  'c' is not defined                              no-undef
  221:29  warning  'c' is not defined                              no-undef
  223:24  warning  'c' is not defined                              no-undef
  224:4   warning  'd' is not defined                              no-undef
  225:14  warning  'c' is not defined                              no-undef
  226:4   warning  'd' is not defined                              no-undef
  227:35  warning  'd' is not defined                              no-undef
  229:29  warning  'd' is not defined                              no-undef
  231:24  warning  'd' is not defined                              no-undef
  234:4   warning  'p' is not defined                              no-undef
  235:25  warning  'p' is not defined                              no-undef
  236:4   warning  'q' is not defined                              no-undef
  237:6   warning  'p' is not defined                              no-undef
  238:8   warning  'q' is not defined                              no-undef
  239:40  warning  'q' is not defined                              no-undef
  241:33  warning  'q' is not defined                              no-undef
  243:30  warning  'q' is not defined                              no-undef
  244:4   warning  'r' is not defined                              no-undef
  245:6   warning  'p' is not defined                              no-undef
  245:12  warning  'q' is not defined                              no-undef
  246:6   warning  'r' is not defined                              no-undef
  247:40  warning  'r' is not defined                              no-undef
  249:33  warning  'r' is not defined                              no-undef
  251:28  warning  'r' is not defined                              no-undef
  256:4   warning  'p2' is not defined                             no-undef
  257:27  warning  'p2' is not defined                             no-undef
  258:4   warning  'q2' is not defined                             no-undef
  259:6   warning  'p2' is not defined                             no-undef
  260:8   warning  'q2' is not defined                             no-undef
  261:42  warning  'q2' is not defined                             no-undef
  263:35  warning  'q2' is not defined                             no-undef
  265:32  warning  'q2' is not defined                             no-undef
  266:4   warning  'r2' is not defined                             no-undef
  267:6   warning  'p2' is not defined                             no-undef
  267:13  warning  'q2' is not defined                             no-undef
  268:6   warning  'r2' is not defined                             no-undef
  269:42  warning  'r2' is not defined                             no-undef
  271:35  warning  'r2' is not defined                             no-undef
  273:30  warning  'r2' is not defined                             no-undef
  303:56  warning  'd' is not defined                              no-undef
  303:58  warning  'r' is not defined                              no-undef
  304:65  warning  'c' is not defined                              no-undef
  304:67  warning  'd' is not defined                              no-undef
  304:69  warning  'p' is not defined                              no-undef
  304:71  warning  'q' is not defined                              no-undef
  304:73  warning  'r' is not defined                              no-undef
  305:65  warning  'c' is not defined                              no-undef
  305:67  warning  'd' is not defined                              no-undef
  305:69  warning  'p' is not defined                              no-undef
  305:71  warning  'q' is not defined                              no-undef
  305:73  warning  'r' is not defined                              no-undef
  306:61  warning  'c' is not defined                              no-undef
  306:63  warning  'd' is not defined                              no-undef
  306:65  warning  'p' is not defined                              no-undef
  306:67  warning  'q' is not defined                              no-undef
  306:69  warning  'r' is not defined                              no-undef
  307:61  warning  'c' is not defined                              no-undef
  307:63  warning  'd' is not defined                              no-undef
  307:65  warning  'p' is not defined                              no-undef
  307:67  warning  'q' is not defined                              no-undef
  307:69  warning  'r' is not defined                              no-undef
  308:61  warning  'c' is not defined                              no-undef
  308:63  warning  'd' is not defined                              no-undef
  308:65  warning  'p' is not defined                              no-undef
  308:67  warning  'q' is not defined                              no-undef
  308:69  warning  'r' is not defined                              no-undef
  323:17  warning  'k' is defined but never used                   no-unused-vars
  329:9   warning  'MathJax' is not defined                        no-undef
  329:39  warning  'MathJax' is not defined                        no-undef
  330:9   warning  'MathJax' is not defined                        no-undef
  330:39  warning  'MathJax' is not defined                        no-undef
  331:9   warning  'MathJax' is not defined                        no-undef
  331:39  warning  'MathJax' is not defined                        no-undef
  332:9   warning  'MathJax' is not defined                        no-undef
  332:39  warning  'MathJax' is not defined                        no-undef
  345:3   warning  Unnecessary semicolon                           no-extra-semi
  352:11  warning  'showval' is defined but never used             no-unused-vars
  358:3   warning  Unnecessary semicolon                           no-extra-semi
  365:3   warning  Unnecessary semicolon                           no-extra-semi
  369:11  warning  'runprog' is defined but never used             no-unused-vars
  369:19  warning  'i' is defined but never used                   no-unused-vars
  395:3   warning  Unnecessary semicolon                           no-extra-semi
  403:14  warning  'chartplot1' is already defined                 no-redeclare
  409:12  warning  'labelstep' is assigned a value but never used  no-unused-vars
  411:23  warning  'Chart' is not defined                          no-undef

✖ 188 problems (0 errors, 188 warnings)
  0 errors and 4 warnings potentially fixable with the `--fix` option.

